<?xml version="1.0" encoding="UTF-8"?>
<testng-results skipped="2" failed="0" total="3" passed="1">
  <reporter-output>
  </reporter-output>
  <suite name="Suite" duration-ms="59196" started-at="2017-06-01T12:00:07Z" finished-at="2017-06-01T12:01:06Z">
    <groups>
    </groups>
    <test name="whatslive test" duration-ms="59196" started-at="2017-06-01T12:00:07Z" finished-at="2017-06-01T12:01:06Z">
      <class name="com.ugc.testcase.VideoCaptureTest">
        <test-method status="PASS" signature="setUp()[pri:0, instance:com.ugc.testcase.VideoCaptureTest@59906517]" name="setUp" is-config="true" duration-ms="3478" started-at="2017-06-01T20:00:07Z" finished-at="2017-06-01T20:00:10Z">
          <reporter-output>
          </reporter-output>
        </test-method> <!-- setUp -->
        <test-method status="PASS" signature="initialVideo()[pri:0, instance:com.ugc.testcase.VideoCaptureTest@59906517]" name="initialVideo" is-config="true" duration-ms="5455" started-at="2017-06-01T20:00:10Z" finished-at="2017-06-01T20:00:16Z">
          <reporter-output>
          </reporter-output>
        </test-method> <!-- initialVideo -->
        <test-method status="PASS" signature="recordVideo()[pri:0, instance:com.ugc.testcase.VideoCaptureTest@59906517]" name="recordVideo" duration-ms="27681" started-at="2017-06-01T20:00:16Z" description="录制视频5秒" finished-at="2017-06-01T20:00:43Z">
          <reporter-output>
          </reporter-output>
        </test-method> <!-- recordVideo -->
        <test-method status="PASS" signature="verifyVideoTest()[pri:0, instance:com.ugc.testcase.VideoCaptureTest@59906517]" name="verifyVideoTest" is-config="true" duration-ms="1" started-at="2017-06-01T20:00:43Z" finished-at="2017-06-01T20:00:43Z">
          <reporter-output>
          </reporter-output>
        </test-method> <!-- verifyVideoTest -->
        <test-method status="FAIL" signature="initialVideo()[pri:0, instance:com.ugc.testcase.VideoCaptureTest@59906517]" name="initialVideo" is-config="true" duration-ms="0" started-at="2017-06-01T20:00:43Z" finished-at="2017-06-01T20:00:43Z">
          <exception class="java.lang.NullPointerException">
            <full-stacktrace>
              <![CDATA[java.lang.NullPointerException
	at com.ugc.utils.ElementAction.click(ElementAction.java:97)
	at com.ugc.testcase.VideoCaptureTest.initialVideo(VideoCaptureTest.java:28)
	at sun.reflect.NativeMethodAccessorImpl.invoke0(Native Method)
	at sun.reflect.NativeMethodAccessorImpl.invoke(NativeMethodAccessorImpl.java:62)
	at sun.reflect.DelegatingMethodAccessorImpl.invoke(DelegatingMethodAccessorImpl.java:43)
	at java.lang.reflect.Method.invoke(Method.java:498)
	at org.testng.internal.MethodInvocationHelper.invokeMethod(MethodInvocationHelper.java:85)
	at org.testng.internal.Invoker.invokeConfigurationMethod(Invoker.java:510)
	at org.testng.internal.Invoker.invokeConfigurations(Invoker.java:211)
	at org.testng.internal.Invoker.invokeMethod(Invoker.java:585)
	at org.testng.internal.Invoker.invokeTestMethod(Invoker.java:821)
	at org.testng.internal.Invoker.invokeTestMethods(Invoker.java:1131)
	at org.testng.internal.TestMethodWorker.invokeTestMethods(TestMethodWorker.java:125)
	at org.testng.internal.TestMethodWorker.run(TestMethodWorker.java:108)
	at org.testng.TestRunner.privateRun(TestRunner.java:773)
	at org.testng.TestRunner.run(TestRunner.java:623)
	at org.testng.SuiteRunner.runTest(SuiteRunner.java:357)
	at org.testng.SuiteRunner.runSequentially(SuiteRunner.java:352)
	at org.testng.SuiteRunner.privateRun(SuiteRunner.java:310)
	at org.testng.SuiteRunner.run(SuiteRunner.java:259)
	at org.testng.SuiteRunnerWorker.runSuite(SuiteRunnerWorker.java:52)
	at org.testng.SuiteRunnerWorker.run(SuiteRunnerWorker.java:86)
	at org.testng.TestNG.runSuitesSequentially(TestNG.java:1185)
	at org.testng.TestNG.runSuitesLocally(TestNG.java:1110)
	at org.testng.TestNG.run(TestNG.java:1018)
	at org.testng.remote.AbstractRemoteTestNG.run(AbstractRemoteTestNG.java:132)
	at org.testng.remote.RemoteTestNG.initAndRun(RemoteTestNG.java:230)
	at org.testng.remote.RemoteTestNG.main(RemoteTestNG.java:76)
]]>
            </full-stacktrace>
          </exception> <!-- java.lang.NullPointerException -->
          <reporter-output>
          </reporter-output>
        </test-method> <!-- initialVideo -->
        <test-method status="SKIP" signature="recordVideo()[pri:0, instance:com.ugc.testcase.VideoCaptureTest@59906517]" name="recordVideo" duration-ms="1" started-at="2017-06-01T20:01:06Z" description="录制视频5秒" finished-at="2017-06-01T20:01:06Z">
          <reporter-output>
          </reporter-output>
        </test-method> <!-- recordVideo -->
        <test-method status="SKIP" signature="verifyVideoTest()[pri:0, instance:com.ugc.testcase.VideoCaptureTest@59906517]" name="verifyVideoTest" is-config="true" duration-ms="0" started-at="2017-06-01T20:01:06Z" finished-at="2017-06-01T20:01:06Z">
          <reporter-output>
          </reporter-output>
        </test-method> <!-- verifyVideoTest -->
        <test-method status="SKIP" signature="initialVideo()[pri:0, instance:com.ugc.testcase.VideoCaptureTest@59906517]" name="initialVideo" is-config="true" duration-ms="0" started-at="2017-06-01T20:01:06Z" finished-at="2017-06-01T20:01:06Z">
          <reporter-output>
          </reporter-output>
        </test-method> <!-- initialVideo -->
        <test-method status="SKIP" signature="recordVideo()[pri:0, instance:com.ugc.testcase.VideoCaptureTest@59906517]" name="recordVideo" duration-ms="1" started-at="2017-06-01T20:01:06Z" description="录制视频5秒" finished-at="2017-06-01T20:01:06Z">
          <reporter-output>
          </reporter-output>
        </test-method> <!-- recordVideo -->
        <test-method status="SKIP" signature="verifyVideoTest()[pri:0, instance:com.ugc.testcase.VideoCaptureTest@59906517]" name="verifyVideoTest" is-config="true" duration-ms="0" started-at="2017-06-01T20:01:06Z" finished-at="2017-06-01T20:01:06Z">
          <reporter-output>
          </reporter-output>
        </test-method> <!-- verifyVideoTest -->
        <test-method status="SKIP" signature="endUp()[pri:0, instance:com.ugc.testcase.VideoCaptureTest@59906517]" name="endUp" is-config="true" duration-ms="0" started-at="2017-06-01T20:01:06Z" finished-at="2017-06-01T20:01:06Z">
          <reporter-output>
          </reporter-output>
        </test-method> <!-- endUp -->
      </class> <!-- com.ugc.testcase.VideoCaptureTest -->
    </test> <!-- whatslive test -->
  </suite> <!-- Suite -->
</testng-results>
