<?xml version="1.0" encoding="UTF-8"?>
<!-- Generated by org.testng.reporters.JUnitXMLReporter -->
<testsuite hostname="chenxjMacBook-Pro.local" name="whatslive test" tests="3" failures="0" timestamp="1 Jun 2017 12:01:06 GMT" time="59.196" errors="0">
  <testcase name="@BeforeMethod initialVideo" time="0.0" classname="com.ugc.testcase.VideoCaptureTest">
    <failure type="java.lang.NullPointerException">
      <![CDATA[java.lang.NullPointerException
	at com.ugc.utils.ElementAction.click(ElementAction.java:97)
	at com.ugc.testcase.VideoCaptureTest.initialVideo(VideoCaptureTest.java:28)
... Removed 26 stack frames]]>
    </failure>
  </testcase> <!-- @BeforeMethod initialVideo -->
  <testcase name="@AfterMethod verifyVideoTest" time="0.0" classname="com.ugc.testcase.VideoCaptureTest">
    <skipped/>
  </testcase> <!-- @AfterMethod verifyVideoTest -->
  <testcase name="@BeforeMethod initialVideo" time="0.0" classname="com.ugc.testcase.VideoCaptureTest">
    <skipped/>
  </testcase> <!-- @BeforeMethod initialVideo -->
  <testcase name="@AfterMethod verifyVideoTest" time="0.0" classname="com.ugc.testcase.VideoCaptureTest">
    <skipped/>
  </testcase> <!-- @AfterMethod verifyVideoTest -->
  <testcase name="@AfterTest endUp" time="0.0" classname="com.ugc.testcase.VideoCaptureTest">
    <skipped/>
  </testcase> <!-- @AfterTest endUp -->
  <testcase name="recordVideo" time="27.681" classname="com.ugc.testcase.VideoCaptureTest"/>
  <testcase name="recordVideo" time="0.001" classname="com.ugc.testcase.VideoCaptureTest">
    <skipped/>
  </testcase> <!-- recordVideo -->
  <testcase name="recordVideo" time="0.001" classname="com.ugc.testcase.VideoCaptureTest">
    <skipped/>
  </testcase> <!-- recordVideo -->
</testsuite> <!-- whatslive test -->
